<?xml version="1.0" encoding="UTF-8"?>
<!-- Generated by org.testng.reporters.JUnitReportReporter -->
<testsuite hostname="Khalid-PC" failures="0" tests="1" name="locators.AssertTitle" time="6.908" errors="0" timestamp="2022-10-18T10:08:31 IST" skipped="0">
  <testcase classname="locators.AssertTitle" name="assertTitle" time="6.908"/>
  <system-out/>
</testsuite> <!-- locators.AssertTitle -->
